{"/Users/mac/Documents/bookingAfrica/darth-vadar/knexfile.ts": {"path":"/Users/mac/Documents/bookingAfrica/darth-vadar/knexfile.ts","statementMap":{"0":{"start":{"line":2,"column":0},"end":{"line":2,"column":27}},"1":{"start":{"line":3,"column":0},"end":{"line":3,"column":null}},"2":{"start":{"line":4,"column":0},"end":{"line":74,"column":2}}},"fnMap":{},"branchMap":{},"s":{"0":1,"1":1,"2":1},"f":{},"b":{}}
,"/Users/mac/Documents/bookingAfrica/darth-vadar/src/app.ts": {"path":"/Users/mac/Documents/bookingAfrica/darth-vadar/src/app.ts","statementMap":{"0":{"start":{"line":1,"column":0},"end":{"line":1,"column":26}},"1":{"start":{"line":2,"column":0},"end":{"line":2,"column":37}},"2":{"start":{"line":3,"column":0},"end":{"line":3,"column":38}},"3":{"start":{"line":4,"column":0},"end":{"line":4,"column":41}},"4":{"start":{"line":5,"column":0},"end":{"line":5,"column":43}},"5":{"start":{"line":6,"column":0},"end":{"line":6,"column":28}},"6":{"start":{"line":7,"column":0},"end":{"line":7,"column":67}},"7":{"start":{"line":9,"column":0},"end":{"line":9,"column":30}},"8":{"start":{"line":10,"column":13},"end":{"line":10,"column":28}},"9":{"start":{"line":11,"column":0},"end":{"line":11,"column":51}},"10":{"start":{"line":12,"column":0},"end":{"line":12,"column":null}},"11":{"start":{"line":14,"column":12},"end":{"line":14,"column":21}},"12":{"start":{"line":15,"column":0},"end":{"line":15,"column":28}},"13":{"start":{"line":17,"column":0},"end":{"line":29,"column":2}},"14":{"start":{"line":31,"column":0},"end":{"line":31,"column":23}},"15":{"start":{"line":32,"column":0},"end":{"line":32,"column":24}},"16":{"start":{"line":34,"column":0},"end":{"line":41,"column":2}},"17":{"start":{"line":44,"column":0},"end":{"line":44,"column":27}},"18":{"start":{"line":45,"column":0},"end":{"line":45,"column":51}},"19":{"start":{"line":47,"column":0},"end":{"line":47,"column":21}},"20":{"start":{"line":49,"column":0},"end":{"line":49,"column":42}},"21":{"start":{"line":51,"column":0},"end":{"line":51,"column":16}},"22":{"start":{"line":53,"column":0},"end":{"line":58,"column":3}},"23":{"start":{"line":54,"column":2},"end":{"line":57,"column":5}},"24":{"start":{"line":60,"column":0},"end":{"line":75,"column":2}},"25":{"start":{"line":62,"column":4},"end":{"line":64,"column":null}},"26":{"start":{"line":63,"column":6},"end":{"line":63,"column":23}},"27":{"start":{"line":66,"column":31},"end":{"line":66,"column":52}},"28":{"start":{"line":68,"column":4},"end":{"line":73,"column":7}},"29":{"start":{"line":77,"column":0},"end":{"line":77,"column":19}}},"fnMap":{"0":{"name":"(anonymous_1)","decl":{"start":{"line":53,"column":8},"end":{"line":53,"column":18}},"loc":{"start":{"line":53,"column":32},"end":{"line":58,"column":1}}},"1":{"name":"(anonymous_2)","decl":{"start":{"line":61,"column":2},"end":{"line":61,"column":3}},"loc":{"start":{"line":61,"column":73},"end":{"line":74,"column":3}}}},"branchMap":{"0":{"loc":{"start":{"line":49,"column":16},"end":{"line":49,"column":32}},"type":"binary-expr","locations":[{"start":{"line":49,"column":16},"end":{"line":49,"column":32}},{"start":{"line":49,"column":36},"end":{"line":49,"column":40}}]},"1":{"loc":{"start":{"line":62,"column":4},"end":{"line":64,"column":null}},"type":"if","locations":[{"start":{"line":62,"column":4},"end":{"line":64,"column":null}},{"start":{"line":62,"column":4},"end":{"line":64,"column":null}}]},"2":{"loc":{"start":{"line":66,"column":31},"end":{"line":66,"column":45}},"type":"binary-expr","locations":[{"start":{"line":66,"column":31},"end":{"line":66,"column":45}},{"start":{"line":66,"column":49},"end":{"line":66,"column":52}}]},"3":{"loc":{"start":{"line":72,"column":54},"end":{"line":72,"column":57}},"type":"cond-expr","locations":[{"start":{"line":72,"column":54},"end":{"line":72,"column":57}},{"start":{"line":72,"column":60},"end":{"line":72,"column":69}}]}},"s":{"0":1,"1":1,"2":1,"3":1,"4":1,"5":1,"6":1,"7":1,"8":1,"9":1,"10":1,"11":1,"12":1,"13":1,"14":1,"15":1,"16":1,"17":1,"18":1,"19":1,"20":1,"21":1,"22":1,"23":1,"24":1,"25":0,"26":0,"27":0,"28":0,"29":1},"f":{"0":1,"1":0},"b":{"0":[1,0],"1":[0,0],"2":[0,0],"3":[0,0]}}
,"/Users/mac/Documents/bookingAfrica/darth-vadar/src/routes.ts": {"path":"/Users/mac/Documents/bookingAfrica/darth-vadar/src/routes.ts","statementMap":{"0":{"start":{"line":1,"column":0},"end":{"line":1,"column":33}},"1":{"start":{"line":7,"column":15},"end":{"line":7,"column":23}},"2":{"start":{"line":9,"column":0},"end":{"line":13,"column":3}},"3":{"start":{"line":10,"column":2},"end":{"line":12,"column":5}},"4":{"start":{"line":19,"column":0},"end":{"line":19,"column":22}}},"fnMap":{"0":{"name":"(anonymous_0)","decl":{"start":{"line":9,"column":23},"end":{"line":9,"column":24}},"loc":{"start":{"line":9,"column":32},"end":{"line":13,"column":1}}}},"branchMap":{},"s":{"0":1,"1":1,"2":1,"3":0,"4":1},"f":{"0":0},"b":{}}
,"/Users/mac/Documents/bookingAfrica/darth-vadar/src/config/database.ts": {"path":"/Users/mac/Documents/bookingAfrica/darth-vadar/src/config/database.ts","statementMap":{"0":{"start":{"line":1,"column":0},"end":{"line":1,"column":23}},"1":{"start":{"line":2,"column":0},"end":{"line":2,"column":31}},"2":{"start":{"line":3,"column":0},"end":{"line":3,"column":28}},"3":{"start":{"line":5,"column":0},"end":{"line":5,"column":null}},"4":{"start":{"line":7,"column":0},"end":{"line":7,"column":41}},"5":{"start":{"line":9,"column":13},"end":{"line":9,"column":null}},"6":{"start":{"line":11,"column":0},"end":{"line":11,"column":null}}},"fnMap":{},"branchMap":{"0":{"loc":{"start":{"line":9,"column":33},"end":{"line":9,"column":53}},"type":"binary-expr","locations":[{"start":{"line":9,"column":33},"end":{"line":9,"column":53}},{"start":{"line":9,"column":57},"end":{"line":9,"column":70}}]}},"s":{"0":1,"1":1,"2":1,"3":1,"4":1,"5":1,"6":1},"f":{},"b":{"0":[1,0]}}
,"/Users/mac/Documents/bookingAfrica/darth-vadar/src/middleware/limiter/index.ts": {"path":"/Users/mac/Documents/bookingAfrica/darth-vadar/src/middleware/limiter/index.ts","statementMap":{"0":{"start":{"line":1,"column":0},"end":{"line":1,"column":43}},"1":{"start":{"line":3,"column":16},"end":{"line":10,"column":1}},"2":{"start":{"line":4,"column":2},"end":{"line":9,"column":5}},"3":{"start":{"line":11,"column":13},"end":{"line":16,"column":3}}},"fnMap":{"0":{"name":"(anonymous_1)","decl":{"start":{"line":3,"column":16},"end":{"line":3,"column":26}},"loc":{"start":{"line":3,"column":43},"end":{"line":10,"column":1}}}},"branchMap":{},"s":{"0":1,"1":1,"2":0,"3":1},"f":{"0":0},"b":{}}
}
